app/build/intermediates/manifest_merge_blame_file/debug/processDebugMainManifest/manifest-merger-blame-debug-report.txt
1<?xml version="1.0" encoding="utf-8"?>
2<manifest xmlns:android="http://schemas.android.com/apk/res/android"
3    package="com.example.focus"
4    android:versionCode="1"
5    android:versionName="1.0" >
6
7    <uses-sdk
8        android:minSdkVersion="27"
9        android:targetSdkVersion="34" />
10
11    <uses-permission android:name="android.permission.PACKAGE_USAGE_STATS" />
11-->src/main/AndroidManifest.xml:5:5-78
11-->src/main/AndroidManifest.xml:5:22-75
12    <uses-permission android:name="android.permission.POST_NOTIFICATIONS" />
12-->src/main/AndroidManifest.xml:6:5-77
12-->src/main/AndroidManifest.xml:6:22-74
13    <uses-permission android:name="com.android.alarm.permission.SET_ALARM" />
13-->src/main/AndroidManifest.xml:7:5-77
13-->src/main/AndroidManifest.xml:7:22-75
14
15    <queries>
15-->src/main/AndroidManifest.xml:10:5-53:15
16
17        <!-- packages for google pixel -->
18        <package android:name="com.example.store" />
18-->src/main/AndroidManifest.xml:13:9-53
18-->src/main/AndroidManifest.xml:13:18-50
19        <package android:name="com.example.services" />
19-->src/main/AndroidManifest.xml:14:9-56
19-->src/main/AndroidManifest.xml:14:18-53
20        <package android:name="android.permission.QUERY_ALL_PACKAGES" />
20-->src/main/AndroidManifest.xml:15:9-73
20-->src/main/AndroidManifest.xml:15:18-70
21        <package android:name="com.lenovo.lsf.user" />
21-->src/main/AndroidManifest.xml:16:9-55
21-->src/main/AndroidManifest.xml:16:18-52
22        <package android:name="com.facebook.system" />
22-->src/main/AndroidManifest.xml:17:9-55
22-->src/main/AndroidManifest.xml:17:18-52
23        <package android:name="com.google.ar.core" />
23-->src/main/AndroidManifest.xml:18:9-54
23-->src/main/AndroidManifest.xml:18:18-51
24        <package android:name="com.breel.wallpapers20a" />
24-->src/main/AndroidManifest.xml:19:9-59
24-->src/main/AndroidManifest.xml:19:18-56
25
26        <intent>
26-->src/main/AndroidManifest.xml:21:9-23:18
27            <action android:name="android.intent.action.MAIN" />
27-->src/main/AndroidManifest.xml:22:13-65
27-->src/main/AndroidManifest.xml:22:21-62
28        </intent>
29
30        <!-- packages for motorola -->
31        <!-- <package android:name="com.google.android.rkpdapp" /> -->
32        <!-- <package android:name="com.google.android.configupdater" /> -->
33        <!-- <package android:name="com.android.htmlviewer" /> -->
34        <!-- <package android:name="com.android.cts.priv.ctsshim" /> -->
35        <!-- <package android:name="com.motorola.timeweatherwidget" /> -->
36        <!-- <package android:name="com.google.android.as" /> -->
37        <!-- <package android:name="com.example.android.app" /> -->
38        <!-- <package android:name="com.google.android.captiveportallogin" /> -->
39        <!-- <package android:name="com.google.android.webview"/> -->
40        <!-- <package android:name="com.motorola.contacts.preloadcontacts" /> -->
41        <!-- <package android:name="com.example.motorola" /> -->
42        <!-- <package android:name="com.motorola.slpc_sys" /> -->
43        <!-- <package android:name="com.motorola.systemserver" /> -->
44        <!-- <package android:name="com.android.cts.priv.ctsshim" /> -->
45        <!-- <package android:name="com.google.android.hotspot2.osulogin" /> -->
46        <!-- <package android:name="com.motorola.screenshoteditor" /> -->
47        <!-- <package android:name="com.motorola.imagertuning_V2" /> -->
48        <!-- <package android:name="com.android.settings.intelligence" /> -->
49        <!-- <package android:name="com.android.printspooler" /> -->
50
51
52        <!-- <package android:name="com.google.android.apps.youtube.music.setupwizard" /> -->
53        <!-- <package android:name="com.android.cts.priv.ctsshim" /> -->
54        <!-- <package android:name="com.android.bips" /> -->
55        <!-- <package android:name="com.motorola.comcast.settings.extensions" /> -->
56        <!-- <package android:name="com.google.android.syncadapters.contacts" /> -->
57
58    </queries>
59
60    <permission
60-->[androidx.core:core:1.9.0] AndroidManifest.xml:22:5-24:47
61        android:name="com.example.focus.DYNAMIC_RECEIVER_NOT_EXPORTED_PERMISSION"
61-->[androidx.core:core:1.9.0] AndroidManifest.xml:23:9-81
62        android:protectionLevel="signature" />
62-->[androidx.core:core:1.9.0] AndroidManifest.xml:24:9-44
63
64    <uses-permission android:name="com.example.focus.DYNAMIC_RECEIVER_NOT_EXPORTED_PERMISSION" />
64-->[androidx.core:core:1.9.0] AndroidManifest.xml:26:5-97
64-->[androidx.core:core:1.9.0] AndroidManifest.xml:26:22-94
65
66    <application
66-->src/main/AndroidManifest.xml:55:5-120:19
67        android:allowBackup="true"
67-->src/main/AndroidManifest.xml:56:9-35
68        android:appComponentFactory="androidx.core.app.CoreComponentFactory"
68-->[androidx.core:core:1.9.0] AndroidManifest.xml:28:18-86
69        android:dataExtractionRules="@xml/data_extraction_rules"
69-->src/main/AndroidManifest.xml:57:9-65
70        android:debuggable="true"
71        android:extractNativeLibs="false"
72        android:fullBackupContent="@xml/backup_rules"
72-->src/main/AndroidManifest.xml:58:9-54
73        android:icon="@mipmap/ic_launcher"
73-->src/main/AndroidManifest.xml:59:9-43
74        android:label="@string/app_name"
74-->src/main/AndroidManifest.xml:60:9-41
75        android:roundIcon="@mipmap/ic_launcher_round"
75-->src/main/AndroidManifest.xml:61:9-54
76        android:supportsRtl="true"
76-->src/main/AndroidManifest.xml:62:9-35
77        android:testOnly="true"
78        android:theme="@style/Theme.Focus" >
78-->src/main/AndroidManifest.xml:63:9-43
79        <receiver android:name="com.example.focus.AlarmReceiver" />
79-->src/main/AndroidManifest.xml:65:9-50
79-->src/main/AndroidManifest.xml:65:19-48
80
81        <activity
81-->src/main/AndroidManifest.xml:66:9-68:40
82            android:name="com.example.focus.AlarmReceiver"
82-->src/main/AndroidManifest.xml:67:13-42
83            android:exported="false" />
83-->src/main/AndroidManifest.xml:68:13-37
84        <activity
84-->src/main/AndroidManifest.xml:69:9-71:40
85            android:name="com.example.focus.scheduleActivity"
85-->src/main/AndroidManifest.xml:70:13-45
86            android:exported="false" />
86-->src/main/AndroidManifest.xml:71:13-37
87        <activity
87-->src/main/AndroidManifest.xml:72:9-74:40
88            android:name="com.example.focus.AccountInfoActivity"
88-->src/main/AndroidManifest.xml:73:13-48
89            android:exported="false" />
89-->src/main/AndroidManifest.xml:74:13-37
90        <activity
90-->src/main/AndroidManifest.xml:75:9-77:40
91            android:name="com.example.focus.SettingsActivity"
91-->src/main/AndroidManifest.xml:76:13-45
92            android:exported="false" />
92-->src/main/AndroidManifest.xml:77:13-37
93        <activity
93-->src/main/AndroidManifest.xml:78:9-80:40
94            android:name="com.example.focus.RoutinesActivity"
94-->src/main/AndroidManifest.xml:79:13-45
95            android:exported="false" />
95-->src/main/AndroidManifest.xml:80:13-37
96        <activity
96-->src/main/AndroidManifest.xml:81:9-83:40
97            android:name="com.example.focus.ProfileActivity"
97-->src/main/AndroidManifest.xml:82:13-44
98            android:exported="false" />
98-->src/main/AndroidManifest.xml:83:13-37
99        <activity
99-->src/main/AndroidManifest.xml:84:9-86:40
100            android:name="com.example.focus.HomeActivity"
100-->src/main/AndroidManifest.xml:85:13-41
101            android:exported="false" />
101-->src/main/AndroidManifest.xml:86:13-37
102        <activity
102-->src/main/AndroidManifest.xml:87:9-89:40
103            android:name="com.example.focus.HomePageActivity"
103-->src/main/AndroidManifest.xml:88:13-45
104            android:exported="false" />
104-->src/main/AndroidManifest.xml:89:13-37
105        <activity
105-->src/main/AndroidManifest.xml:90:9-92:40
106            android:name="com.example.focus.SignupActivity"
106-->src/main/AndroidManifest.xml:91:13-43
107            android:exported="false" />
107-->src/main/AndroidManifest.xml:92:13-37
108        <activity
108-->src/main/AndroidManifest.xml:93:9-95:40
109            android:name="com.example.focus.LoginActivity"
109-->src/main/AndroidManifest.xml:94:13-42
110            android:exported="false" />
110-->src/main/AndroidManifest.xml:95:13-37
111        <activity
111-->src/main/AndroidManifest.xml:96:9-98:40
112            android:name="com.example.focus.SignIn"
112-->src/main/AndroidManifest.xml:97:13-35
113            android:exported="false" />
113-->src/main/AndroidManifest.xml:98:13-37
114        <activity
114-->src/main/AndroidManifest.xml:99:9-101:40
115            android:name="com.example.focus.signup"
115-->src/main/AndroidManifest.xml:100:13-35
116            android:exported="false" />
116-->src/main/AndroidManifest.xml:101:13-37
117        <activity
117-->src/main/AndroidManifest.xml:102:9-110:20
118            android:name="com.example.focus.MainActivity"
118-->src/main/AndroidManifest.xml:103:13-41
119            android:exported="true" >
119-->src/main/AndroidManifest.xml:104:13-36
120            <intent-filter>
120-->src/main/AndroidManifest.xml:105:13-109:29
121                <action android:name="android.intent.action.MAIN" />
121-->src/main/AndroidManifest.xml:22:13-65
121-->src/main/AndroidManifest.xml:22:21-62
122
123                <category android:name="android.intent.category.LAUNCHER" />
123-->src/main/AndroidManifest.xml:108:17-77
123-->src/main/AndroidManifest.xml:108:27-74
124            </intent-filter>
125        </activity>
126
127        <receiver
127-->src/main/AndroidManifest.xml:112:9-114:38
128            android:name="com.example.focus.sendNotification"
128-->src/main/AndroidManifest.xml:113:13-45
129            android:enabled="true" />
129-->src/main/AndroidManifest.xml:114:13-35
130
131        <service android:name="com.example.focus.Service1" />
131-->src/main/AndroidManifest.xml:116:9-117:57
131-->src/main/AndroidManifest.xml:117:13-54
132
133        <provider
133-->[androidx.emoji2:emoji2:1.2.0] AndroidManifest.xml:24:9-32:20
134            android:name="androidx.startup.InitializationProvider"
134-->[androidx.emoji2:emoji2:1.2.0] AndroidManifest.xml:25:13-67
135            android:authorities="com.example.focus.androidx-startup"
135-->[androidx.emoji2:emoji2:1.2.0] AndroidManifest.xml:26:13-68
136            android:exported="false" >
136-->[androidx.emoji2:emoji2:1.2.0] AndroidManifest.xml:27:13-37
137            <meta-data
137-->[androidx.emoji2:emoji2:1.2.0] AndroidManifest.xml:29:13-31:52
138                android:name="androidx.emoji2.text.EmojiCompatInitializer"
138-->[androidx.emoji2:emoji2:1.2.0] AndroidManifest.xml:30:17-75
139                android:value="androidx.startup" />
139-->[androidx.emoji2:emoji2:1.2.0] AndroidManifest.xml:31:17-49
140            <meta-data
140-->[androidx.lifecycle:lifecycle-process:2.6.1] AndroidManifest.xml:29:13-31:52
141                android:name="androidx.lifecycle.ProcessLifecycleInitializer"
141-->[androidx.lifecycle:lifecycle-process:2.6.1] AndroidManifest.xml:30:17-78
142                android:value="androidx.startup" />
142-->[androidx.lifecycle:lifecycle-process:2.6.1] AndroidManifest.xml:31:17-49
143            <meta-data
143-->[androidx.profileinstaller:profileinstaller:1.3.0] AndroidManifest.xml:29:13-31:52
144                android:name="androidx.profileinstaller.ProfileInstallerInitializer"
144-->[androidx.profileinstaller:profileinstaller:1.3.0] AndroidManifest.xml:30:17-85
145                android:value="androidx.startup" />
145-->[androidx.profileinstaller:profileinstaller:1.3.0] AndroidManifest.xml:31:17-49
146        </provider>
147
148        <receiver
148-->[androidx.profileinstaller:profileinstaller:1.3.0] AndroidManifest.xml:34:9-52:20
149            android:name="androidx.profileinstaller.ProfileInstallReceiver"
149-->[androidx.profileinstaller:profileinstaller:1.3.0] AndroidManifest.xml:35:13-76
150            android:directBootAware="false"
150-->[androidx.profileinstaller:profileinstaller:1.3.0] AndroidManifest.xml:36:13-44
151            android:enabled="true"
151-->[androidx.profileinstaller:profileinstaller:1.3.0] AndroidManifest.xml:37:13-35
152            android:exported="true"
152-->[androidx.profileinstaller:profileinstaller:1.3.0] AndroidManifest.xml:38:13-36
153            android:permission="android.permission.DUMP" >
153-->[androidx.profileinstaller:profileinstaller:1.3.0] AndroidManifest.xml:39:13-57
154            <intent-filter>
154-->[androidx.profileinstaller:profileinstaller:1.3.0] AndroidManifest.xml:40:13-42:29
155                <action android:name="androidx.profileinstaller.action.INSTALL_PROFILE" />
155-->[androidx.profileinstaller:profileinstaller:1.3.0] AndroidManifest.xml:41:17-91
155-->[androidx.profileinstaller:profileinstaller:1.3.0] AndroidManifest.xml:41:25-88
156            </intent-filter>
157            <intent-filter>
157-->[androidx.profileinstaller:profileinstaller:1.3.0] AndroidManifest.xml:43:13-45:29
158                <action android:name="androidx.profileinstaller.action.SKIP_FILE" />
158-->[androidx.profileinstaller:profileinstaller:1.3.0] AndroidManifest.xml:44:17-85
158-->[androidx.profileinstaller:profileinstaller:1.3.0] AndroidManifest.xml:44:25-82
159            </intent-filter>
160            <intent-filter>
160-->[androidx.profileinstaller:profileinstaller:1.3.0] AndroidManifest.xml:46:13-48:29
161                <action android:name="androidx.profileinstaller.action.SAVE_PROFILE" />
161-->[androidx.profileinstaller:profileinstaller:1.3.0] AndroidManifest.xml:47:17-88
161-->[androidx.profileinstaller:profileinstaller:1.3.0] AndroidManifest.xml:47:25-85
162            </intent-filter>
163            <intent-filter>
163-->[androidx.profileinstaller:profileinstaller:1.3.0] AndroidManifest.xml:49:13-51:29
164                <action android:name="androidx.profileinstaller.action.BENCHMARK_OPERATION" />
164-->[androidx.profileinstaller:profileinstaller:1.3.0] AndroidManifest.xml:50:17-95
164-->[androidx.profileinstaller:profileinstaller:1.3.0] AndroidManifest.xml:50:25-92
165            </intent-filter>
166        </receiver>
167    </application>
168
169</manifest>